app/build/intermediates/manifest_merge_blame_file/debug/processDebugMainManifest/manifest-merger-blame-debug-report.txt
1<?xml version="1.0" encoding="utf-8"?>
2<manifest xmlns:android="http://schemas.android.com/apk/res/android"
3    package="com.ameer.gradebook"
4    android:versionCode="1"
5    android:versionName="1.0" >
6
7    <uses-sdk
8        android:minSdkVersion="23"
9        android:targetSdkVersion="35" />
10
11    <application
11-->src/main/AndroidManifest.xml:4:5-21:19
12        android:allowBackup="true"
12-->src/main/AndroidManifest.xml:7:9-35
13        android:debuggable="true"
14        android:extractNativeLibs="false"
15        android:label="سجل درجات الاجتماعيات"
15-->src/main/AndroidManifest.xml:6:9-46
16        android:supportsRtl="true"
16-->src/main/AndroidManifest.xml:8:9-35
17        android:theme="@style/AppTheme" >
17-->src/main/AndroidManifest.xml:5:9-40
18        <activity
18-->src/main/AndroidManifest.xml:10:9-19:20
19            android:name="com.ameer.gradebook.MainActivity"
19-->src/main/AndroidManifest.xml:11:13-41
20            android:exported="true" >
20-->src/main/AndroidManifest.xml:12:13-36
21            <intent-filter>
21-->src/main/AndroidManifest.xml:14:13-17:29
22                <action android:name="android.intent.action.MAIN" />
22-->src/main/AndroidManifest.xml:15:17-69
22-->src/main/AndroidManifest.xml:15:25-66
23
24                <category android:name="android.intent.category.LAUNCHER" />
24-->src/main/AndroidManifest.xml:16:17-77
24-->src/main/AndroidManifest.xml:16:27-74
25            </intent-filter>
26        </activity>
27    </application>
28
29</manifest>